<?xml version="1.0" encoding="UTF-8"?>
<robot generator="Robot 7.4.2 (Python 3.13.13 on win32)" generated="2026-05-29T15:28:23.311677" rpa="false" schemaversion="5">
<suite id="s1" name="Landing Page" source="C:\laragon\www\path-deck\tests\robot\landing_page.robot">
<test id="s1-t1" name="Validasi Elemen Navbar Landing Page" line="10">
<kw name="Open Browser" owner="SeleniumLibrary">
<msg time="2026-05-29T15:28:23.661686" level="INFO">Opening browser 'chrome' to base url 'http://127.0.0.1:8000'.</msg>
<arg>${URL}</arg>
<arg>${BROWSER}</arg>
<doc>Opens a new browser instance to the optional ``url``.</doc>
<status status="PASS" start="2026-05-29T15:28:23.661121" elapsed="2.814812"/>
</kw>
<kw name="Maximize Browser Window" owner="SeleniumLibrary">
<doc>Maximizes current browser window.</doc>
<status status="PASS" start="2026-05-29T15:28:26.477247" elapsed="0.453477"/>
</kw>
<kw name="Page Should Contain" owner="SeleniumLibrary">
<msg time="2026-05-29T15:28:27.002694" level="INFO">Current page contains text 'Path Deck'.</msg>
<arg>Path Deck</arg>
<doc>Verifies that current page contains ``text``.</doc>
<status status="PASS" start="2026-05-29T15:28:26.931123" elapsed="0.071768"/>
</kw>
<kw name="Page Should Contain" owner="SeleniumLibrary">
<msg time="2026-05-29T15:28:27.056493" level="INFO">Current page contains text 'Dashboard'.</msg>
<arg>Dashboard</arg>
<doc>Verifies that current page contains ``text``.</doc>
<status status="PASS" start="2026-05-29T15:28:27.003182" elapsed="0.053543"/>
</kw>
<kw name="Page Should Contain" owner="SeleniumLibrary">
<msg time="2026-05-29T15:28:27.101058" level="INFO">Current page contains text 'Explore path'.</msg>
<arg>Explore path</arg>
<doc>Verifies that current page contains ``text``.</doc>
<status status="PASS" start="2026-05-29T15:28:27.057044" elapsed="0.044544"/>
</kw>
<kw name="Page Should Contain" owner="SeleniumLibrary">
<msg time="2026-05-29T15:28:27.143446" level="INFO">Current page contains text 'Login'.</msg>
<arg>Login</arg>
<doc>Verifies that current page contains ``text``.</doc>
<status status="PASS" start="2026-05-29T15:28:27.102107" elapsed="0.041489"/>
</kw>
<kw name="Page Should Contain Link" owner="SeleniumLibrary">
<msg time="2026-05-29T15:28:27.222121" level="INFO">Current page contains link 'xpath=//a[contains(text(), 'Register')]'.</msg>
<arg>xpath=//a[contains(text(), 'Register')]</arg>
<doc>Verifies link identified by ``locator`` is found from current page.</doc>
<status status="PASS" start="2026-05-29T15:28:27.143830" elapsed="0.078463"/>
</kw>
<doc>Memastikan komponen navigasi utama muncul dan sesuai desain</doc>
<status status="PASS" start="2026-05-29T15:28:23.660101" elapsed="3.562491"/>
</test>
<doc>Skenario Pengujian Landing Page Aplikasi Path Deck</doc>
<status status="PASS" start="2026-05-29T15:28:23.314509" elapsed="3.909485"/>
</suite>
<statistics>
<total>
<stat pass="1" fail="0" skip="0">All Tests</stat>
</total>
<tag>
</tag>
<suite>
<stat name="Landing Page" id="s1" pass="1" fail="0" skip="0">Landing Page</stat>
</suite>
</statistics>
<errors>
</errors>
</robot>
